<?xml version="1.0" encoding="UTF-8"?>
<testng-results ignored="0" total="2" passed="2" failed="0" skipped="0">
  <reporter-output>
  </reporter-output>
  <suite started-at="2023-08-03T16:29:31 IST" name="Default suite" finished-at="2023-08-03T16:32:13 IST" duration-ms="161763">
    <groups>
    </groups>
    <test started-at="2023-08-03T16:29:31 IST" name="Default test" finished-at="2023-08-03T16:32:13 IST" duration-ms="161763">
      <class name="TestScenarios.TestMethodManagement">
        <test-method is-config="true" signature="beforeTest()[pri:0, instance:TestScenarios.TestMethodManagement@3590fc5b]" started-at="2023-08-03T16:29:31 IST" name="beforeTest" finished-at="2023-08-03T16:30:04 IST" duration-ms="33041" status="PASS">
          <reporter-output>
          </reporter-output>
        </test-method> <!-- beforeTest -->
        <test-method signature="login1()[pri:1, instance:TestScenarios.TestMethodManagement@3590fc5b]" started-at="2023-08-03T16:30:05 IST" name="login1" finished-at="2023-08-03T16:30:06 IST" duration-ms="1874" status="PASS">
          <reporter-output>
          </reporter-output>
        </test-method> <!-- login1 -->
        <test-method signature="dataDown()[pri:2, instance:TestScenarios.TestMethodManagement@3590fc5b]" started-at="2023-08-03T16:30:06 IST" name="dataDown" finished-at="2023-08-03T16:32:13 IST" duration-ms="126511" status="PASS">
          <reporter-output>
          </reporter-output>
        </test-method> <!-- dataDown -->
      </class> <!-- TestScenarios.TestMethodManagement -->
    </test> <!-- Default test -->
  </suite> <!-- Default suite -->
</testng-results>
